<?xml version="1.0" encoding="UTF-8"?>
<testng-results ignored="0" total="1" passed="1" failed="0" skipped="0">
  <reporter-output>
  </reporter-output>
  <suite started-at="2023-07-17T01:04:17 CDT" name="Default suite" finished-at="2023-07-17T01:04:28 CDT" duration-ms="11062">
    <groups>
    </groups>
    <test started-at="2023-07-17T01:04:17 CDT" name="Default test" finished-at="2023-07-17T01:04:28 CDT" duration-ms="11062">
      <class name="test.TestCase2">
        <test-method is-config="true" signature="beforeTest()[pri:0, instance:test.TestCase2@36060e]" started-at="2023-07-17T01:04:17 CDT" name="beforeTest" finished-at="2023-07-17T01:04:22 CDT" duration-ms="4715" status="PASS">
          <reporter-output>
          </reporter-output>
        </test-method> <!-- beforeTest -->
        <test-method is-config="true" signature="retrieveTestsFromDb()[pri:0, instance:test.TestCase2@36060e]" started-at="2023-07-17T01:04:22 CDT" name="retrieveTestsFromDb" finished-at="2023-07-17T01:04:27 CDT" duration-ms="4906" status="PASS">
          <reporter-output>
          </reporter-output>
        </test-method> <!-- retrieveTestsFromDb -->
        <test-method signature="test()[pri:0, instance:test.TestCase2@36060e]" started-at="2023-07-17T01:04:27 CDT" name="test" finished-at="2023-07-17T01:04:27 CDT" duration-ms="79" status="PASS">
          <reporter-output>
          </reporter-output>
        </test-method> <!-- test -->
        <test-method is-config="true" signature="deletePrecondFromDb()[pri:0, instance:test.TestCase2@36060e]" started-at="2023-07-17T01:04:27 CDT" name="deletePrecondFromDb" finished-at="2023-07-17T01:04:27 CDT" duration-ms="122" status="PASS">
          <reporter-output>
          </reporter-output>
        </test-method> <!-- deletePrecondFromDb -->
        <test-method is-config="true" signature="afterTest()[pri:0, instance:test.TestCase2@36060e]" started-at="2023-07-17T01:04:27 CDT" name="afterTest" finished-at="2023-07-17T01:04:28 CDT" duration-ms="1173" status="PASS">
          <reporter-output>
          </reporter-output>
        </test-method> <!-- afterTest -->
      </class> <!-- test.TestCase2 -->
    </test> <!-- Default test -->
  </suite> <!-- Default suite -->
</testng-results>
