<?xml version="1.0" encoding="UTF-8"?>
<!-- Generated by org.testng.reporters.JUnitXMLReporter -->
<testsuite ignored="0" hostname="DESKTOP-1TRT2QP" failures="0" tests="4" name="Default test" time="30.046" errors="0" timestamp="2023-06-01T15:13:00 CDT">
  <testcase classname="test.UITest" name="testCase1" time="12.715"/>
  <testcase classname="test.UITest" name="testCase2" time="12.091"/>
  <testcase classname="test.UITest" name="testCase3" time="3.053"/>
  <testcase classname="test.UITest" name="testCase4" time="0.582"/>
</testsuite> <!-- Default test -->
