<?xml version="1.0" encoding="UTF-8"?>
<testng-results ignored="0" total="1" passed="1" failed="0" skipped="0">
  <reporter-output>
  </reporter-output>
  <suite started-at="2023-07-06T21:28:41 CDT" name="Default suite" finished-at="2023-07-06T21:29:05 CDT" duration-ms="23524">
    <groups>
    </groups>
    <test started-at="2023-07-06T21:28:41 CDT" name="Default test" finished-at="2023-07-06T21:29:05 CDT" duration-ms="23524">
      <class name="test.UITest">
        <test-method is-config="true" signature="beforeMethod()[pri:0, instance:test.UITest@6d293993]" started-at="2023-07-06T21:28:41 CDT" name="beforeMethod" finished-at="2023-07-06T21:28:43 CDT" duration-ms="1831" status="PASS">
          <reporter-output>
          </reporter-output>
        </test-method> <!-- beforeMethod -->
        <test-method signature="testCase()[pri:0, instance:test.UITest@6d293993]" started-at="2023-07-06T21:28:43 CDT" name="testCase" finished-at="2023-07-06T21:29:04 CDT" duration-ms="21471" status="PASS">
          <reporter-output>
          </reporter-output>
        </test-method> <!-- testCase -->
        <test-method is-config="true" signature="afterTest()[pri:0, instance:test.UITest@6d293993]" started-at="2023-07-06T21:29:04 CDT" name="afterTest" finished-at="2023-07-06T21:29:05 CDT" duration-ms="188" status="PASS">
          <reporter-output>
          </reporter-output>
        </test-method> <!-- afterTest -->
      </class> <!-- test.UITest -->
    </test> <!-- Default test -->
  </suite> <!-- Default suite -->
</testng-results>
