<?xml version="1.0" encoding="UTF-8"?>
<testng-results ignored="0" total="1" passed="1" failed="0" skipped="0">
  <reporter-output>
  </reporter-output>
  <suite started-at="2023-08-03T02:52:59 CDT" name="Default suite" finished-at="2023-08-03T02:53:36 CDT" duration-ms="36530">
    <groups>
    </groups>
    <test started-at="2023-08-03T02:52:59 CDT" name="Default test" finished-at="2023-08-03T02:53:36 CDT" duration-ms="36530">
      <class name="tests.MainTest">
        <test-method is-config="true" signature="beforeTest()[pri:0, instance:tests.MainTest@3db65c0d]" started-at="2023-08-03T02:52:59 CDT" name="beforeTest" finished-at="2023-08-03T02:53:00 CDT" duration-ms="479" status="PASS">
          <reporter-output>
          </reporter-output>
        </test-method> <!-- beforeTest -->
        <test-method signature="test()[pri:0, instance:tests.MainTest@3db65c0d]" started-at="2023-08-03T02:53:00 CDT" name="test" finished-at="2023-08-03T02:53:36 CDT" duration-ms="35806" status="PASS">
          <reporter-output>
          </reporter-output>
        </test-method> <!-- test -->
        <test-method is-config="true" signature="afterTest()[pri:0, instance:tests.MainTest@3db65c0d]" started-at="2023-08-03T02:53:36 CDT" name="afterTest" finished-at="2023-08-03T02:53:36 CDT" duration-ms="194" status="PASS">
          <reporter-output>
          </reporter-output>
        </test-method> <!-- afterTest -->
      </class> <!-- tests.MainTest -->
    </test> <!-- Default test -->
  </suite> <!-- Default suite -->
</testng-results>
