<?xml version="1.0" encoding="UTF-8"?>
<testng-results ignored="0" total="4" passed="4" failed="0" skipped="0">
  <reporter-output>
  </reporter-output>
  <suite started-at="2023-06-01T15:12:29 CDT" name="Default suite" finished-at="2023-06-01T15:13:00 CDT" duration-ms="30046">
    <groups>
    </groups>
    <test started-at="2023-06-01T15:12:29 CDT" name="Default test" finished-at="2023-06-01T15:13:00 CDT" duration-ms="30046">
      <class name="test.UITest">
        <test-method is-config="true" signature="beforeMethod()[pri:0, instance:test.UITest@6fbf5db2]" started-at="2023-06-01T15:12:30 CDT" name="beforeMethod" finished-at="2023-06-01T15:12:30 CDT" duration-ms="661" status="PASS">
          <reporter-output>
          </reporter-output>
        </test-method> <!-- beforeMethod -->
        <test-method signature="testCase1()[pri:0, instance:test.UITest@6fbf5db2]" started-at="2023-06-01T15:12:30 CDT" name="testCase1" finished-at="2023-06-01T15:12:43 CDT" duration-ms="12715" status="PASS">
          <reporter-output>
          </reporter-output>
        </test-method> <!-- testCase1 -->
        <test-method is-config="true" signature="beforeMethod()[pri:0, instance:test.UITest@6fbf5db2]" started-at="2023-06-01T15:12:43 CDT" name="beforeMethod" finished-at="2023-06-01T15:12:43 CDT" duration-ms="152" status="PASS">
          <reporter-output>
          </reporter-output>
        </test-method> <!-- beforeMethod -->
        <test-method signature="testCase2()[pri:0, instance:test.UITest@6fbf5db2]" started-at="2023-06-01T15:12:43 CDT" name="testCase2" finished-at="2023-06-01T15:12:55 CDT" duration-ms="12091" status="PASS">
          <reporter-output>
          </reporter-output>
        </test-method> <!-- testCase2 -->
        <test-method is-config="true" signature="beforeMethod()[pri:0, instance:test.UITest@6fbf5db2]" started-at="2023-06-01T15:12:55 CDT" name="beforeMethod" finished-at="2023-06-01T15:12:55 CDT" duration-ms="249" status="PASS">
          <reporter-output>
          </reporter-output>
        </test-method> <!-- beforeMethod -->
        <test-method signature="testCase3()[pri:0, instance:test.UITest@6fbf5db2]" started-at="2023-06-01T15:12:55 CDT" name="testCase3" finished-at="2023-06-01T15:12:58 CDT" duration-ms="3053" status="PASS">
          <reporter-output>
          </reporter-output>
        </test-method> <!-- testCase3 -->
        <test-method is-config="true" signature="beforeMethod()[pri:0, instance:test.UITest@6fbf5db2]" started-at="2023-06-01T15:12:58 CDT" name="beforeMethod" finished-at="2023-06-01T15:12:59 CDT" duration-ms="212" status="PASS">
          <reporter-output>
          </reporter-output>
        </test-method> <!-- beforeMethod -->
        <test-method signature="testCase4()[pri:0, instance:test.UITest@6fbf5db2]" started-at="2023-06-01T15:12:59 CDT" name="testCase4" finished-at="2023-06-01T15:12:59 CDT" duration-ms="582" status="PASS">
          <reporter-output>
          </reporter-output>
        </test-method> <!-- testCase4 -->
        <test-method is-config="true" signature="afterTest()[pri:0, instance:test.UITest@6fbf5db2]" started-at="2023-06-01T15:12:59 CDT" name="afterTest" finished-at="2023-06-01T15:13:00 CDT" duration-ms="241" status="PASS">
          <reporter-output>
          </reporter-output>
        </test-method> <!-- afterTest -->
      </class> <!-- test.UITest -->
    </test> <!-- Default test -->
  </suite> <!-- Default suite -->
</testng-results>
