<?xml version="1.0" encoding="UTF-8"?>
<testng-results ignored="0" total="1" passed="1" failed="0" skipped="0">
  <reporter-output>
  </reporter-output>
  <suite started-at="2023-06-26T23:08:11 CDT" name="Default suite" finished-at="2023-06-26T23:08:13 CDT" duration-ms="1901">
    <groups>
    </groups>
    <test started-at="2023-06-26T23:08:11 CDT" name="Default test" finished-at="2023-06-26T23:08:13 CDT" duration-ms="1901">
      <class name="test.RestAPITest">
        <test-method signature="restAPITest()[pri:0, instance:test.RestAPITest@76a2ddf3]" started-at="2023-06-26T23:08:11 CDT" name="restAPITest" finished-at="2023-06-26T23:08:13 CDT" duration-ms="1870" status="PASS">
          <reporter-output>
          </reporter-output>
        </test-method> <!-- restAPITest -->
      </class> <!-- test.RestAPITest -->
    </test> <!-- Default test -->
  </suite> <!-- Default suite -->
</testng-results>
